TN:
SF:src/BasicToken.sol
FN:73,BasicToken.transfer
FNDA:9,BasicToken.transfer
DA:77,9
BRDA:77,0,0,1
BRDA:77,0,1,8
DA:78,1
DA:80,8
BRDA:80,1,0,1
BRDA:80,1,1,7
DA:81,1
DA:84,7
DA:85,7
DA:87,7
DA:88,7
FN:96,BasicToken.balanceOf
FNDA:17,BasicToken.balanceOf
DA:99,17
FNF:2
FNH:2
LF:9
LH:9
BRF:4
BRH:4
end_of_record
TN:
SF:src/BlackList.sol
FN:9,BlackList.getBlackListStatus
FNDA:2,BlackList.getBlackListStatus
DA:10,2
FN:13,BlackList.getOwner
FNDA:1,BlackList.getOwner
DA:14,1
FN:19,BlackList.addBlackList
FNDA:6,BlackList.addBlackList
DA:20,5
DA:21,5
FN:24,BlackList.removeBlackList
FNDA:4,BlackList.removeBlackList
DA:25,3
DA:26,3
FNF:4
FNH:4
LF:6
LH:6
BRF:0
BRH:0
end_of_record
TN:
SF:src/EQuicoin.sol
FN:99,EQuicoin.transfer
FNDA:11,EQuicoin.transfer
DA:111,9
BRDA:111,0,0,-
BRDA:111,0,1,1
DA:112,1
DA:113,1
DA:119,8
FN:124,EQuicoin.transferFrom
FNDA:6,EQuicoin.transferFrom
DA:137,4
BRDA:137,1,0,-
BRDA:137,1,1,1
DA:138,1
DA:139,1
DA:146,3
FN:151,EQuicoin.balanceOf
FNDA:17,EQuicoin.balanceOf
DA:154,18
BRDA:154,2,0,-
BRDA:154,2,1,1
DA:155,1
DA:157,17
FN:162,EQuicoin.approve
FNDA:11,EQuicoin.approve
DA:166,11
BRDA:166,3,0,-
BRDA:166,3,1,1
DA:167,1
DA:168,1
DA:174,10
FN:179,EQuicoin.allowance
FNDA:6,EQuicoin.allowance
DA:183,6
BRDA:183,4,0,-
BRDA:183,4,1,1
DA:184,1
DA:186,5
FN:191,EQuicoin.deprecate
FNDA:10,EQuicoin.deprecate
DA:192,9
BRDA:192,5,0,1
BRDA:192,5,1,8
DA:193,1
DA:195,8
DA:196,8
DA:197,8
FN:201,EQuicoin.totalSupply
FNDA:6,EQuicoin.totalSupply
DA:202,6
BRDA:202,6,0,-
BRDA:202,6,1,1
DA:203,1
DA:205,5
FN:213,EQuicoin.issue
FNDA:3,EQuicoin.issue
DA:215,2
DA:216,1
BRDA:214,7,0,1
BRDA:214,7,1,1
DA:218,1
DA:221,1
DA:222,1
DA:223,1
FN:231,EQuicoin.redeem
FNDA:3,EQuicoin.redeem
DA:232,2
BRDA:232,8,0,1
BRDA:232,8,1,1
DA:233,1
DA:236,1
DA:237,1
DA:238,1
FN:241,EQuicoin.destroyBlackFunds
FNDA:2,EQuicoin.destroyBlackFunds
DA:242,1
BRDA:242,9,0,-
BRDA:242,9,1,1
DA:243,1
DA:244,1
DA:245,1
DA:246,1
FNF:10
FNH:10
LF:42
LH:42
BRF:20
BRH:13
end_of_record
TN:
SF:src/Ownable.sol
FN:37,Ownable.transferOwnership
FNDA:2,Ownable.transferOwnership
DA:38,1
BRDA:38,0,0,1
BRDA:38,0,1,1
DA:39,1
FNF:1
FNH:1
LF:2
LH:2
BRF:2
BRH:2
end_of_record
TN:
SF:src/Pausable.sol
FN:43,Pausable.pause
FNDA:6,Pausable.pause
DA:44,5
DA:45,5
FN:51,Pausable.unpause
FNDA:2,Pausable.unpause
DA:52,1
DA:53,1
FNF:2
FNH:2
LF:4
LH:4
BRF:0
BRH:0
end_of_record
TN:
SF:src/SafeMath.sol
FN:10,SafeMath.mul
FNDA:0,SafeMath.mul
DA:11,0
BRDA:11,0,0,-
BRDA:11,0,1,-
DA:12,0
DA:14,0
DA:15,0
BRDA:15,1,0,-
BRDA:15,1,1,-
DA:16,0
FN:19,SafeMath.div
FNDA:0,SafeMath.div
DA:21,0
DA:23,0
FN:26,SafeMath.sub
FNDA:0,SafeMath.sub
DA:27,0
BRDA:27,2,0,-
BRDA:27,2,1,-
DA:28,0
FN:31,SafeMath.add
FNDA:0,SafeMath.add
DA:32,0
DA:33,0
BRDA:33,3,0,-
BRDA:33,3,1,-
DA:34,0
FNF:4
FNH:0
LF:12
LH:0
BRF:8
BRH:0
end_of_record
TN:
SF:src/StandardToken.sol
FN:31,StandardToken.transferFrom
FNDA:0,StandardToken.transferFrom
DA:36,0
BRDA:36,0,0,-
BRDA:36,0,1,-
DA:37,0
DA:39,0
BRDA:39,1,0,-
BRDA:39,1,1,-
DA:40,0
DA:42,0
BRDA:42,2,0,-
BRDA:42,2,1,-
DA:43,0
DA:46,0
BRDA:46,3,0,-
BRDA:46,3,1,-
DA:47,0
DA:49,0
DA:50,0
DA:52,0
DA:54,0
FN:62,StandardToken.approve
FNDA:10,StandardToken.approve
DA:70,10
BRDA:70,4,0,-
BRDA:70,4,1,10
DA:72,10
DA:73,10
DA:75,10
FN:84,StandardToken.allowance
FNDA:5,StandardToken.allowance
DA:88,5
FN:97,StandardToken.increaseApproval
FNDA:1,StandardToken.increaseApproval
DA:101,1
DA:104,1
DA:105,1
FN:108,StandardToken.decreaseApproval
FNDA:2,StandardToken.decreaseApproval
DA:112,2
DA:113,2
BRDA:113,5,0,1
BRDA:113,5,1,1
DA:114,1
DA:116,1
DA:118,2
DA:119,2
FNF:5
FNH:4
LF:26
LH:14
BRF:12
BRH:3
end_of_record
TN:
SF:src/StandardTokenWithFees.sol
FN:22,StandardTokenWithFees.calcFee
FNDA:1,StandardTokenWithFees.calcFee
DA:23,12
DA:24,12
BRDA:24,0,0,-
BRDA:24,0,1,12
DA:25,0
DA:27,12
FN:30,StandardTokenWithFees.transfer
FNDA:8,StandardTokenWithFees.transfer
DA:34,8
DA:35,8
DA:37,8
DA:38,6
BRDA:38,1,0,1
BRDA:38,1,1,6
DA:39,1
DA:42,6
FN:45,StandardTokenWithFees.transferFrom
FNDA:3,StandardTokenWithFees.transferFrom
DA:50,3
BRDA:50,2,0,-
BRDA:50,2,1,3
DA:51,0
DA:53,3
BRDA:53,3,0,-
BRDA:53,3,1,3
DA:54,0
DA:56,3
BRDA:56,4,0,-
BRDA:56,4,1,3
DA:57,0
DA:60,3
DA:61,3
DA:63,3
DA:64,3
DA:65,3
BRDA:65,5,0,3
BRDA:65,5,1,3
DA:66,3
DA:68,3
DA:69,3
BRDA:69,6,0,1
BRDA:69,6,1,3
DA:70,1
DA:71,1
DA:73,3
FN:76,StandardTokenWithFees.setParams
FNDA:5,StandardTokenWithFees.setParams
DA:78,4
BRDA:78,7,0,1
BRDA:78,7,1,3
DA:79,3
BRDA:79,8,0,-
BRDA:79,8,1,3
DA:81,3
DA:82,3
DA:84,3
FNF:4
FNH:4
LF:32
LH:28
BRF:18
BRH:13
end_of_record
